<?xml version="1.0" encoding="UTF-8"?>
<testsuite name="com.userservice.controller.StudentControllerTest" tests="1" skipped="0" failures="0" errors="0" timestamp="2024-09-24T09:18:55" hostname="ADMIN" time="0.404">
  <properties/>
  <testcase name="shouldBeAbleToGetAllStudents()" classname="com.userservice.controller.StudentControllerTest" time="0.404"/>
  <system-out><![CDATA[14:48:51.484 [Test worker] INFO org.springframework.test.context.support.AnnotationConfigContextLoaderUtils -- Could not detect default configuration classes for test class [com.userservice.controller.StudentControllerTest]: StudentControllerTest does not declare any static, non-private, non-final, nested classes annotated with @Configuration.
14:48:51.659 [Test worker] INFO org.springframework.boot.test.context.SpringBootTestContextBootstrapper -- Found @SpringBootConfiguration com.userservice.UserServiceApplication for test class com.userservice.controller.StudentControllerTest

  .   ____          _            __ _ _
 /\\ / ___'_ __ _ _(_)_ __  __ _ \ \ \ \
( ( )\___ | '_ | '_| | '_ \/ _` | \ \ \ \
 \\/  ___)| |_)| | | | | || (_| |  ) ) ) )
  '  |____| .__|_| |_|_| |_\__, | / / / /
 =========|_|==============|___/=/_/_/_/

 :: Spring Boot ::                (v3.3.4)

2024-09-24T14:48:52.313+05:30  INFO 5756 --- [userservice] [    Test worker] c.u.controller.StudentControllerTest     : Starting StudentControllerTest using Java 17.0.11 with PID 5756 (started by sudhir in D:\EY Practice\UserService\UserService)
2024-09-24T14:48:52.317+05:30  INFO 5756 --- [userservice] [    Test worker] c.u.controller.StudentControllerTest     : No active profile set, falling back to 1 default profile: "default"
2024-09-24T14:48:55.605+05:30  INFO 5756 --- [userservice] [    Test worker] o.s.b.t.m.w.SpringBootMockServletContext : Initializing Spring TestDispatcherServlet ''
2024-09-24T14:48:55.605+05:30  INFO 5756 --- [userservice] [    Test worker] o.s.t.web.servlet.TestDispatcherServlet  : Initializing Servlet ''
2024-09-24T14:48:55.613+05:30  INFO 5756 --- [userservice] [    Test worker] o.s.t.web.servlet.TestDispatcherServlet  : Completed initialization in 2 ms
2024-09-24T14:48:55.660+05:30  INFO 5756 --- [userservice] [    Test worker] c.u.controller.StudentControllerTest     : Started StudentControllerTest in 3.9 seconds (process running for 5.417)

MockHttpServletRequest:
      HTTP Method = GET
      Request URI = /api/students
       Parameters = {}
          Headers = [Content-Type:"application/json;charset=UTF-8"]
             Body = null
    Session Attrs = {}

Handler:
             Type = com.userservice.controller.StudentController
           Method = com.userservice.controller.StudentController#getStudents()

Async:
    Async started = false
     Async result = null

Resolved Exception:
             Type = null

ModelAndView:
        View name = null
             View = null
            Model = null

FlashMap:
       Attributes = null

MockHttpServletResponse:
           Status = 200
    Error message = null
          Headers = [Vary:"Origin", "Access-Control-Request-Method", "Access-Control-Request-Headers", Content-Type:"application/json"]
     Content type = application/json
             Body = [{"rollNo":1,"name":"Sudhir","lastName":"Takale","standard":"First","records":null},{"rollNo":1,"name":"Sudhir","lastName":"Takale","standard":"First","records":null}]
    Forwarded URL = null
   Redirected URL = null
          Cookies = []
]]></system-out>
  <system-err><![CDATA[]]></system-err>
</testsuite>
